  [1m[35m (3.2ms)[0m  [1m[34mSELECT "schema_migrations"."version" FROM "schema_migrations" ORDER BY "schema_migrations"."version" ASC[0m
  ↳ bin/rails:9
  [1m[35m (2.0ms)[0m  [1m[34mSELECT "ar_internal_metadata"."value" FROM "ar_internal_metadata" WHERE "ar_internal_metadata"."key" = $1[0m  [["key", "environment"]]
  ↳ bin/rails:9
  [1m[35m (0.2ms)[0m  [1m[34mSELECT "schema_migrations"."version" FROM "schema_migrations" ORDER BY "schema_migrations"."version" ASC[0m
  ↳ bin/rails:9
  [1m[35m (0.2ms)[0m  [1m[34mSELECT "ar_internal_metadata"."value" FROM "ar_internal_metadata" WHERE "ar_internal_metadata"."key" = $1[0m  [["key", "environment"]]
  ↳ bin/rails:9
  [1m[35m (0.2ms)[0m  [1m[34mSELECT "schema_migrations"."version" FROM "schema_migrations" ORDER BY "schema_migrations"."version" ASC[0m
  ↳ bin/rails:9
  [1m[35m (0.2ms)[0m  [1m[34mSELECT "ar_internal_metadata"."value" FROM "ar_internal_metadata" WHERE "ar_internal_metadata"."key" = $1[0m  [["key", "environment"]]
  ↳ bin/rails:9
  [1m[35m (114.8ms)[0m  [1m[35mDROP DATABASE IF EXISTS "rails-1P-associations_development"[0m
  ↳ bin/rails:9
  [1m[35m (56.7ms)[0m  [1m[35mDROP DATABASE IF EXISTS "rails-1P-associations_test"[0m
  ↳ bin/rails:9
  [1m[35m (130.7ms)[0m  [1m[35mCREATE DATABASE "rails-1P-associations_development" ENCODING = 'unicode'[0m
  ↳ bin/rails:9
  [1m[35m (70.4ms)[0m  [1m[35mCREATE DATABASE "rails-1P-associations_test" ENCODING = 'unicode'[0m
  ↳ bin/rails:9
  [1m[35mSQL (0.6ms)[0m  [1m[35mCREATE EXTENSION IF NOT EXISTS "plpgsql"[0m
  ↳ db/schema.rb:16
  [1m[35m (0.6ms)[0m  [1m[35mDROP TABLE IF EXISTS "comments" CASCADE[0m
  ↳ db/schema.rb:18
  [1m[35m (10.5ms)[0m  [1m[35mCREATE TABLE "comments" ("id" bigserial primary key, "body" character varying NOT NULL, "video_id" integer NOT NULL, "parent_comment_id" integer, "created_at" timestamp NOT NULL, "updated_at" timestamp NOT NULL, "commenter_id" integer)[0m
  ↳ db/schema.rb:18
  [1m[35m (1.9ms)[0m  [1m[35mCREATE  INDEX  "index_comments_on_commenter_id" ON "comments"  ("commenter_id")[0m
  ↳ db/schema.rb:18
  [1m[35m (2.6ms)[0m  [1m[35mCREATE  INDEX  "index_comments_on_video_id" ON "comments"  ("video_id")[0m
  ↳ db/schema.rb:18
  [1m[35m (0.3ms)[0m  [1m[35mDROP TABLE IF EXISTS "likes" CASCADE[0m
  ↳ db/schema.rb:29
  [1m[35m (5.9ms)[0m  [1m[35mCREATE TABLE "likes" ("id" bigserial primary key, "liker_id" integer NOT NULL, "video_id" integer NOT NULL, "created_at" timestamp NOT NULL, "updated_at" timestamp NOT NULL)[0m
  ↳ db/schema.rb:29
  [1m[35m (2.7ms)[0m  [1m[35mCREATE  INDEX  "index_likes_on_liker_id" ON "likes"  ("liker_id")[0m
  ↳ db/schema.rb:29
  [1m[35m (3.2ms)[0m  [1m[35mCREATE UNIQUE INDEX  "index_likes_on_video_id_and_liker_id" ON "likes"  ("video_id", "liker_id")[0m
  ↳ db/schema.rb:29
  [1m[35m (1.0ms)[0m  [1m[35mDROP TABLE IF EXISTS "users" CASCADE[0m
  ↳ db/schema.rb:38
  [1m[35m (6.6ms)[0m  [1m[35mCREATE TABLE "users" ("id" bigserial primary key, "username" character varying NOT NULL, "password" character varying NOT NULL, "created_at" timestamp NOT NULL, "updated_at" timestamp NOT NULL)[0m
  ↳ db/schema.rb:38
  [1m[35m (0.9ms)[0m  [1m[35mDROP TABLE IF EXISTS "videos" CASCADE[0m
  ↳ db/schema.rb:45
  [1m[35m (7.3ms)[0m  [1m[35mCREATE TABLE "videos" ("id" bigserial primary key, "title" character varying NOT NULL, "description" text NOT NULL, "uploader_id" integer NOT NULL, "created_at" timestamp NOT NULL, "updated_at" timestamp NOT NULL)[0m
  ↳ db/schema.rb:45
  [1m[35m (3.5ms)[0m  [1m[35mCREATE  INDEX  "index_videos_on_uploader_id" ON "videos"  ("uploader_id")[0m
  ↳ db/schema.rb:45
  [1m[35m (7.0ms)[0m  [1m[35mCREATE TABLE "schema_migrations" ("version" character varying NOT NULL PRIMARY KEY)[0m
  ↳ db/schema.rb:13
  [1m[35m (1.1ms)[0m  [1m[34mSELECT "schema_migrations"."version" FROM "schema_migrations" ORDER BY "schema_migrations"."version" ASC[0m
  ↳ db/schema.rb:13
  [1m[35m (1.3ms)[0m  [1m[32mINSERT INTO "schema_migrations" (version) VALUES (20200125015338)[0m
  ↳ db/schema.rb:13
  [1m[35m (5.3ms)[0m  [1m[35mCREATE TABLE "ar_internal_metadata" ("key" character varying NOT NULL PRIMARY KEY, "value" character varying, "created_at" timestamp NOT NULL, "updated_at" timestamp NOT NULL)[0m
  ↳ db/schema.rb:13
  [1m[36mActiveRecord::InternalMetadata Load (1.2ms)[0m  [1m[34mSELECT  "ar_internal_metadata".* FROM "ar_internal_metadata" WHERE "ar_internal_metadata"."key" = $1 LIMIT $2[0m  [["key", "environment"], ["LIMIT", 1]]
  ↳ db/schema.rb:13
  [1m[35m (0.2ms)[0m  [1m[35mBEGIN[0m
  ↳ db/schema.rb:13
  [1m[36mActiveRecord::InternalMetadata Create (0.5ms)[0m  [1m[32mINSERT INTO "ar_internal_metadata" ("key", "value", "created_at", "updated_at") VALUES ($1, $2, $3, $4) RETURNING "key"[0m  [["key", "environment"], ["value", "development"], ["created_at", "2021-06-10 18:16:43.878165"], ["updated_at", "2021-06-10 18:16:43.878165"]]
  ↳ db/schema.rb:13
  [1m[35m (0.3ms)[0m  [1m[35mCOMMIT[0m
  ↳ db/schema.rb:13
  [1m[36mActiveRecord::InternalMetadata Load (0.2ms)[0m  [1m[34mSELECT  "ar_internal_metadata".* FROM "ar_internal_metadata" WHERE "ar_internal_metadata"."key" = $1 LIMIT $2[0m  [["key", "environment"], ["LIMIT", 1]]
  ↳ bin/rails:9
  [1m[35m (0.1ms)[0m  [1m[35mBEGIN[0m
  ↳ bin/rails:9
  [1m[35m (0.1ms)[0m  [1m[35mCOMMIT[0m
  ↳ bin/rails:9
  [1m[35mSQL (0.6ms)[0m  [1m[35mCREATE EXTENSION IF NOT EXISTS "plpgsql"[0m
  ↳ db/schema.rb:16
  [1m[35m (1.1ms)[0m  [1m[35mDROP TABLE IF EXISTS "comments" CASCADE[0m
  ↳ db/schema.rb:18
  [1m[35m (10.8ms)[0m  [1m[35mCREATE TABLE "comments" ("id" bigserial primary key, "body" character varying NOT NULL, "video_id" integer NOT NULL, "parent_comment_id" integer, "created_at" timestamp NOT NULL, "updated_at" timestamp NOT NULL, "commenter_id" integer)[0m
  ↳ db/schema.rb:18
  [1m[35m (2.0ms)[0m  [1m[35mCREATE  INDEX  "index_comments_on_commenter_id" ON "comments"  ("commenter_id")[0m
  ↳ db/schema.rb:18
  [1m[35m (1.7ms)[0m  [1m[35mCREATE  INDEX  "index_comments_on_video_id" ON "comments"  ("video_id")[0m
  ↳ db/schema.rb:18
  [1m[35m (0.2ms)[0m  [1m[35mDROP TABLE IF EXISTS "likes" CASCADE[0m
  ↳ db/schema.rb:29
  [1m[35m (3.4ms)[0m  [1m[35mCREATE TABLE "likes" ("id" bigserial primary key, "liker_id" integer NOT NULL, "video_id" integer NOT NULL, "created_at" timestamp NOT NULL, "updated_at" timestamp NOT NULL)[0m
  ↳ db/schema.rb:29
  [1m[35m (1.9ms)[0m  [1m[35mCREATE  INDEX  "index_likes_on_liker_id" ON "likes"  ("liker_id")[0m
  ↳ db/schema.rb:29
  [1m[35m (1.5ms)[0m  [1m[35mCREATE UNIQUE INDEX  "index_likes_on_video_id_and_liker_id" ON "likes"  ("video_id", "liker_id")[0m
  ↳ db/schema.rb:29
  [1m[35m (0.2ms)[0m  [1m[35mDROP TABLE IF EXISTS "users" CASCADE[0m
  ↳ db/schema.rb:38
  [1m[35m (7.5ms)[0m  [1m[35mCREATE TABLE "users" ("id" bigserial primary key, "username" character varying NOT NULL, "password" character varying NOT NULL, "created_at" timestamp NOT NULL, "updated_at" timestamp NOT NULL)[0m
  ↳ db/schema.rb:38
  [1m[35m (0.7ms)[0m  [1m[35mDROP TABLE IF EXISTS "videos" CASCADE[0m
  ↳ db/schema.rb:45
  [1m[35m (7.3ms)[0m  [1m[35mCREATE TABLE "videos" ("id" bigserial primary key, "title" character varying NOT NULL, "description" text NOT NULL, "uploader_id" integer NOT NULL, "created_at" timestamp NOT NULL, "updated_at" timestamp NOT NULL)[0m
  ↳ db/schema.rb:45
  [1m[35m (2.3ms)[0m  [1m[35mCREATE  INDEX  "index_videos_on_uploader_id" ON "videos"  ("uploader_id")[0m
  ↳ db/schema.rb:45
  [1m[35m (6.2ms)[0m  [1m[35mCREATE TABLE "schema_migrations" ("version" character varying NOT NULL PRIMARY KEY)[0m
  ↳ db/schema.rb:13
  [1m[35m (0.9ms)[0m  [1m[34mSELECT "schema_migrations"."version" FROM "schema_migrations" ORDER BY "schema_migrations"."version" ASC[0m
  ↳ db/schema.rb:13
  [1m[35m (1.0ms)[0m  [1m[32mINSERT INTO "schema_migrations" (version) VALUES (20200125015338)[0m
  ↳ db/schema.rb:13
  [1m[35m (13.3ms)[0m  [1m[35mCREATE TABLE "ar_internal_metadata" ("key" character varying NOT NULL PRIMARY KEY, "value" character varying, "created_at" timestamp NOT NULL, "updated_at" timestamp NOT NULL)[0m
  ↳ db/schema.rb:13
  [1m[36mActiveRecord::InternalMetadata Load (0.7ms)[0m  [1m[34mSELECT  "ar_internal_metadata".* FROM "ar_internal_metadata" WHERE "ar_internal_metadata"."key" = $1 LIMIT $2[0m  [["key", "environment"], ["LIMIT", 1]]
  ↳ db/schema.rb:13
  [1m[35m (0.1ms)[0m  [1m[35mBEGIN[0m
  ↳ db/schema.rb:13
  [1m[36mActiveRecord::InternalMetadata Create (0.9ms)[0m  [1m[32mINSERT INTO "ar_internal_metadata" ("key", "value", "created_at", "updated_at") VALUES ($1, $2, $3, $4) RETURNING "key"[0m  [["key", "environment"], ["value", "development"], ["created_at", "2021-06-10 18:16:44.048986"], ["updated_at", "2021-06-10 18:16:44.048986"]]
  ↳ db/schema.rb:13
  [1m[35m (0.7ms)[0m  [1m[35mCOMMIT[0m
  ↳ db/schema.rb:13
  [1m[36mActiveRecord::InternalMetadata Load (0.5ms)[0m  [1m[34mSELECT  "ar_internal_metadata".* FROM "ar_internal_metadata" WHERE "ar_internal_metadata"."key" = $1 LIMIT $2[0m  [["key", "environment"], ["LIMIT", 1]]
  ↳ bin/rails:9
  [1m[35m (0.2ms)[0m  [1m[35mBEGIN[0m
  ↳ bin/rails:9
  [1m[36mActiveRecord::InternalMetadata Update (0.8ms)[0m  [1m[33mUPDATE "ar_internal_metadata" SET "value" = $1, "updated_at" = $2 WHERE "ar_internal_metadata"."key" = $3[0m  [["value", "test"], ["updated_at", "2021-06-10 18:16:44.057009"], ["key", "environment"]]
  ↳ bin/rails:9
  [1m[35m (0.6ms)[0m  [1m[35mCOMMIT[0m
  ↳ bin/rails:9
  [1m[35m (1.1ms)[0m  [1m[34mSELECT "schema_migrations"."version" FROM "schema_migrations" ORDER BY "schema_migrations"."version" ASC[0m
  ↳ bin/rails:9
  [1m[35m (0.2ms)[0m  [1m[35mBEGIN[0m
  ↳ db/seeds.rb:13
  [1m[36mUser Destroy (0.8ms)[0m  [1m[31mDELETE FROM "users"[0m
  ↳ db/seeds.rb:14
  [1m[36mVideo Destroy (0.6ms)[0m  [1m[31mDELETE FROM "videos"[0m
  ↳ db/seeds.rb:15
  [1m[36mComment Destroy (0.7ms)[0m  [1m[31mDELETE FROM "comments"[0m
  ↳ db/seeds.rb:16
  [1m[36mLike Destroy (1.3ms)[0m  [1m[31mDELETE FROM "likes"[0m
  ↳ db/seeds.rb:17
  [1m[36mUser Create (0.9ms)[0m  [1m[32mINSERT INTO "users" ("id", "username", "password", "created_at", "updated_at") VALUES ($1, $2, $3, $4, $5) RETURNING "id"[0m  [["id", 59229], ["username", "cousin_gerald"], ["password", "hesadoctor"], ["created_at", "2021-06-10 18:16:44.129293"], ["updated_at", "2021-06-10 18:16:44.129293"]]
  ↳ db/seeds.rb:19
  [1m[36mUser Create (0.6ms)[0m  [1m[32mINSERT INTO "users" ("id", "username", "password", "created_at", "updated_at") VALUES ($1, $2, $3, $4, $5) RETURNING "id"[0m  [["id", 7149], ["username", "gillian"], ["password", "ballberie"], ["created_at", "2021-06-10 18:16:44.131815"], ["updated_at", "2021-06-10 18:16:44.131815"]]
  ↳ db/seeds.rb:25
  [1m[36mVideo Create (1.1ms)[0m  [1m[32mINSERT INTO "videos" ("id", "title", "description", "uploader_id", "created_at", "updated_at") VALUES ($1, $2, $3, $4, $5, $6) RETURNING "id"[0m  [["id", 31509], ["title", "The Less I Know the Better"], ["description", "Music by Australian band Tame Impala"], ["uploader_id", 59229], ["created_at", "2021-06-10 18:16:44.149949"], ["updated_at", "2021-06-10 18:16:44.149949"]]
  ↳ db/seeds.rb:31
  [1m[36mVideo Create (0.6ms)[0m  [1m[32mINSERT INTO "videos" ("id", "title", "description", "uploader_id", "created_at", "updated_at") VALUES ($1, $2, $3, $4, $5, $6) RETURNING "id"[0m  [["id", 53271], ["title", "Ball of Pizza"], ["description", "Eric brings pizza to the dojo"], ["uploader_id", 7149], ["created_at", "2021-06-10 18:16:44.152585"], ["updated_at", "2021-06-10 18:16:44.152585"]]
  ↳ db/seeds.rb:38
  [1m[36mComment Create (0.9ms)[0m  [1m[32mINSERT INTO "comments" ("id", "body", "video_id", "created_at", "updated_at", "commenter_id") VALUES ($1, $2, $3, $4, $5, $6) RETURNING "id"[0m  [["id", 788], ["body", "first"], ["video_id", 31509], ["created_at", "2021-06-10 18:16:44.191232"], ["updated_at", "2021-06-10 18:16:44.191232"], ["commenter_id", 7149]]
  ↳ db/seeds.rb:45
  [1m[36mComment Create (0.5ms)[0m  [1m[32mINSERT INTO "comments" ("id", "body", "video_id", "parent_comment_id", "created_at", "updated_at", "commenter_id") VALUES ($1, $2, $3, $4, $5, $6, $7) RETURNING "id"[0m  [["id", 20453], ["body", "second"], ["video_id", 31509], ["parent_comment_id", 788], ["created_at", "2021-06-10 18:16:44.193633"], ["updated_at", "2021-06-10 18:16:44.193633"], ["commenter_id", 59229]]
  ↳ db/seeds.rb:52
  [1m[36mLike Create (1.1ms)[0m  [1m[32mINSERT INTO "likes" ("id", "liker_id", "video_id", "created_at", "updated_at") VALUES ($1, $2, $3, $4, $5) RETURNING "id"[0m  [["id", 78397], ["liker_id", 7149], ["video_id", 31509], ["created_at", "2021-06-10 18:16:44.208705"], ["updated_at", "2021-06-10 18:16:44.208705"]]
  ↳ db/seeds.rb:60
  [1m[36mLike Create (0.5ms)[0m  [1m[32mINSERT INTO "likes" ("id", "liker_id", "video_id", "created_at", "updated_at") VALUES ($1, $2, $3, $4, $5) RETURNING "id"[0m  [["id", 54261], ["liker_id", 59229], ["video_id", 53271], ["created_at", "2021-06-10 18:16:44.211423"], ["updated_at", "2021-06-10 18:16:44.211423"]]
  ↳ db/seeds.rb:61
  [1m[35m (0.5ms)[0m  [1m[35mCOMMIT[0m
  ↳ db/seeds.rb:13
  [1m[35m (0.9ms)[0m  [1m[34mSELECT "schema_migrations"."version" FROM "schema_migrations" ORDER BY "schema_migrations"."version" ASC[0m
  ↳ bin/rails:9
  [1m[35m (0.5ms)[0m  [1m[34mSELECT "ar_internal_metadata"."value" FROM "ar_internal_metadata" WHERE "ar_internal_metadata"."key" = $1[0m  [["key", "environment"]]
  ↳ bin/rails:9
  [1m[35m (0.2ms)[0m  [1m[34mSELECT "schema_migrations"."version" FROM "schema_migrations" ORDER BY "schema_migrations"."version" ASC[0m
  ↳ bin/rails:9
  [1m[35m (0.2ms)[0m  [1m[34mSELECT "ar_internal_metadata"."value" FROM "ar_internal_metadata" WHERE "ar_internal_metadata"."key" = $1[0m  [["key", "environment"]]
  ↳ bin/rails:9
  [1m[35m (0.2ms)[0m  [1m[34mSELECT "schema_migrations"."version" FROM "schema_migrations" ORDER BY "schema_migrations"."version" ASC[0m
  ↳ bin/rails:9
  [1m[35m (0.5ms)[0m  [1m[34mSELECT "ar_internal_metadata"."value" FROM "ar_internal_metadata" WHERE "ar_internal_metadata"."key" = $1[0m  [["key", "environment"]]
  ↳ bin/rails:9
  [1m[35mSQL (0.4ms)[0m  [1m[35mCREATE EXTENSION IF NOT EXISTS "plpgsql"[0m
  ↳ db/schema.rb:16
  [1m[35m (5.5ms)[0m  [1m[35mDROP TABLE IF EXISTS "comments" CASCADE[0m
  ↳ db/schema.rb:18
  [1m[35m (5.8ms)[0m  [1m[35mCREATE TABLE "comments" ("id" bigserial primary key, "body" character varying NOT NULL, "video_id" integer NOT NULL, "parent_comment_id" integer, "created_at" timestamp NOT NULL, "updated_at" timestamp NOT NULL, "commenter_id" integer)[0m
  ↳ db/schema.rb:18
  [1m[35m (1.8ms)[0m  [1m[35mCREATE  INDEX  "index_comments_on_commenter_id" ON "comments"  ("commenter_id")[0m
  ↳ db/schema.rb:18
  [1m[35m (1.6ms)[0m  [1m[35mCREATE  INDEX  "index_comments_on_video_id" ON "comments"  ("video_id")[0m
  ↳ db/schema.rb:18
  [1m[35m (7.3ms)[0m  [1m[35mDROP TABLE IF EXISTS "likes" CASCADE[0m
  ↳ db/schema.rb:29
  [1m[35m (6.3ms)[0m  [1m[35mCREATE TABLE "likes" ("id" bigserial primary key, "liker_id" integer NOT NULL, "video_id" integer NOT NULL, "created_at" timestamp NOT NULL, "updated_at" timestamp NOT NULL)[0m
  ↳ db/schema.rb:29
  [1m[35m (2.0ms)[0m  [1m[35mCREATE  INDEX  "index_likes_on_liker_id" ON "likes"  ("liker_id")[0m
  ↳ db/schema.rb:29
  [1m[35m (4.2ms)[0m  [1m[35mCREATE UNIQUE INDEX  "index_likes_on_video_id_and_liker_id" ON "likes"  ("video_id", "liker_id")[0m
  ↳ db/schema.rb:29
  [1m[35m (5.3ms)[0m  [1m[35mDROP TABLE IF EXISTS "users" CASCADE[0m
  ↳ db/schema.rb:38
  [1m[35m (7.0ms)[0m  [1m[35mCREATE TABLE "users" ("id" bigserial primary key, "username" character varying NOT NULL, "password" character varying NOT NULL, "created_at" timestamp NOT NULL, "updated_at" timestamp NOT NULL)[0m
  ↳ db/schema.rb:38
  [1m[35m (8.6ms)[0m  [1m[35mDROP TABLE IF EXISTS "videos" CASCADE[0m
  ↳ db/schema.rb:45
  [1m[35m (9.3ms)[0m  [1m[35mCREATE TABLE "videos" ("id" bigserial primary key, "title" character varying NOT NULL, "description" text NOT NULL, "uploader_id" integer NOT NULL, "created_at" timestamp NOT NULL, "updated_at" timestamp NOT NULL)[0m
  ↳ db/schema.rb:45
  [1m[35m (3.4ms)[0m  [1m[35mCREATE  INDEX  "index_videos_on_uploader_id" ON "videos"  ("uploader_id")[0m
  ↳ db/schema.rb:45
  [1m[35m (2.1ms)[0m  [1m[34mSELECT "schema_migrations"."version" FROM "schema_migrations" ORDER BY "schema_migrations"."version" ASC[0m
  ↳ db/schema.rb:13
  [1m[36mActiveRecord::InternalMetadata Load (0.8ms)[0m  [1m[34mSELECT  "ar_internal_metadata".* FROM "ar_internal_metadata" WHERE "ar_internal_metadata"."key" = $1 LIMIT $2[0m  [["key", "environment"], ["LIMIT", 1]]
  ↳ db/schema.rb:13
  [1m[35m (0.3ms)[0m  [1m[35mBEGIN[0m
  ↳ db/schema.rb:13
  [1m[35m (0.2ms)[0m  [1m[35mCOMMIT[0m
  ↳ db/schema.rb:13
  [1m[36mActiveRecord::InternalMetadata Load (0.5ms)[0m  [1m[34mSELECT  "ar_internal_metadata".* FROM "ar_internal_metadata" WHERE "ar_internal_metadata"."key" = $1 LIMIT $2[0m  [["key", "environment"], ["LIMIT", 1]]
  ↳ bin/rails:9
  [1m[35m (0.3ms)[0m  [1m[35mBEGIN[0m
  ↳ bin/rails:9
  [1m[35m (0.2ms)[0m  [1m[35mCOMMIT[0m
  ↳ bin/rails:9
  [1m[35mSQL (0.4ms)[0m  [1m[35mCREATE EXTENSION IF NOT EXISTS "plpgsql"[0m
  ↳ db/schema.rb:16
  [1m[35m (7.1ms)[0m  [1m[35mDROP TABLE IF EXISTS "comments" CASCADE[0m
  ↳ db/schema.rb:18
  [1m[35m (11.7ms)[0m  [1m[35mCREATE TABLE "comments" ("id" bigserial primary key, "body" character varying NOT NULL, "video_id" integer NOT NULL, "parent_comment_id" integer, "created_at" timestamp NOT NULL, "updated_at" timestamp NOT NULL, "commenter_id" integer)[0m
  ↳ db/schema.rb:18
  [1m[35m (3.3ms)[0m  [1m[35mCREATE  INDEX  "index_comments_on_commenter_id" ON "comments"  ("commenter_id")[0m
  ↳ db/schema.rb:18
  [1m[35m (1.6ms)[0m  [1m[35mCREATE  INDEX  "index_comments_on_video_id" ON "comments"  ("video_id")[0m
  ↳ db/schema.rb:18
  [1m[35m (3.3ms)[0m  [1m[35mDROP TABLE IF EXISTS "likes" CASCADE[0m
  ↳ db/schema.rb:29
  [1m[35m (4.8ms)[0m  [1m[35mCREATE TABLE "likes" ("id" bigserial primary key, "liker_id" integer NOT NULL, "video_id" integer NOT NULL, "created_at" timestamp NOT NULL, "updated_at" timestamp NOT NULL)[0m
  ↳ db/schema.rb:29
  [1m[35m (4.0ms)[0m  [1m[35mCREATE  INDEX  "index_likes_on_liker_id" ON "likes"  ("liker_id")[0m
  ↳ db/schema.rb:29
  [1m[35m (2.8ms)[0m  [1m[35mCREATE UNIQUE INDEX  "index_likes_on_video_id_and_liker_id" ON "likes"  ("video_id", "liker_id")[0m
  ↳ db/schema.rb:29
  [1m[35m (5.6ms)[0m  [1m[35mDROP TABLE IF EXISTS "users" CASCADE[0m
  ↳ db/schema.rb:38
  [1m[35m (6.4ms)[0m  [1m[35mCREATE TABLE "users" ("id" bigserial primary key, "username" character varying NOT NULL, "password" character varying NOT NULL, "created_at" timestamp NOT NULL, "updated_at" timestamp NOT NULL)[0m
  ↳ db/schema.rb:38
  [1m[35m (5.7ms)[0m  [1m[35mDROP TABLE IF EXISTS "videos" CASCADE[0m
  ↳ db/schema.rb:45
  [1m[35m (11.9ms)[0m  [1m[35mCREATE TABLE "videos" ("id" bigserial primary key, "title" character varying NOT NULL, "description" text NOT NULL, "uploader_id" integer NOT NULL, "created_at" timestamp NOT NULL, "updated_at" timestamp NOT NULL)[0m
  ↳ db/schema.rb:45
  [1m[35m (2.7ms)[0m  [1m[35mCREATE  INDEX  "index_videos_on_uploader_id" ON "videos"  ("uploader_id")[0m
  ↳ db/schema.rb:45
  [1m[35m (1.7ms)[0m  [1m[34mSELECT "schema_migrations"."version" FROM "schema_migrations" ORDER BY "schema_migrations"."version" ASC[0m
  ↳ db/schema.rb:13
  [1m[36mActiveRecord::InternalMetadata Load (0.6ms)[0m  [1m[34mSELECT  "ar_internal_metadata".* FROM "ar_internal_metadata" WHERE "ar_internal_metadata"."key" = $1 LIMIT $2[0m  [["key", "environment"], ["LIMIT", 1]]
  ↳ db/schema.rb:13
  [1m[35m (0.2ms)[0m  [1m[35mBEGIN[0m
  ↳ db/schema.rb:13
  [1m[36mActiveRecord::InternalMetadata Update (0.7ms)[0m  [1m[33mUPDATE "ar_internal_metadata" SET "value" = $1, "updated_at" = $2 WHERE "ar_internal_metadata"."key" = $3[0m  [["value", "development"], ["updated_at", "2021-06-10 18:16:47.145791"], ["key", "environment"]]
  ↳ db/schema.rb:13
  [1m[35m (0.6ms)[0m  [1m[35mCOMMIT[0m
  ↳ db/schema.rb:13
  [1m[36mActiveRecord::InternalMetadata Load (0.2ms)[0m  [1m[34mSELECT  "ar_internal_metadata".* FROM "ar_internal_metadata" WHERE "ar_internal_metadata"."key" = $1 LIMIT $2[0m  [["key", "environment"], ["LIMIT", 1]]
  ↳ bin/rails:9
  [1m[35m (0.1ms)[0m  [1m[35mBEGIN[0m
  ↳ bin/rails:9
  [1m[36mActiveRecord::InternalMetadata Update (0.3ms)[0m  [1m[33mUPDATE "ar_internal_metadata" SET "value" = $1, "updated_at" = $2 WHERE "ar_internal_metadata"."key" = $3[0m  [["value", "test"], ["updated_at", "2021-06-10 18:16:47.151332"], ["key", "environment"]]
  ↳ bin/rails:9
  [1m[35m (0.3ms)[0m  [1m[35mCOMMIT[0m
  ↳ bin/rails:9
  [1m[35m (0.9ms)[0m  [1m[34mSELECT "schema_migrations"."version" FROM "schema_migrations" ORDER BY "schema_migrations"."version" ASC[0m
  ↳ bin/rails:9
  [1m[35m (0.2ms)[0m  [1m[35mBEGIN[0m
  ↳ db/seeds.rb:13
  [1m[36mUser Destroy (0.7ms)[0m  [1m[31mDELETE FROM "users"[0m
  ↳ db/seeds.rb:14
  [1m[36mVideo Destroy (0.5ms)[0m  [1m[31mDELETE FROM "videos"[0m
  ↳ db/seeds.rb:15
  [1m[36mComment Destroy (0.5ms)[0m  [1m[31mDELETE FROM "comments"[0m
  ↳ db/seeds.rb:16
  [1m[36mLike Destroy (0.6ms)[0m  [1m[31mDELETE FROM "likes"[0m
  ↳ db/seeds.rb:17
  [1m[36mUser Create (0.6ms)[0m  [1m[32mINSERT INTO "users" ("id", "username", "password", "created_at", "updated_at") VALUES ($1, $2, $3, $4, $5) RETURNING "id"[0m  [["id", 91336], ["username", "cousin_gerald"], ["password", "hesadoctor"], ["created_at", "2021-06-10 18:16:49.845496"], ["updated_at", "2021-06-10 18:16:49.845496"]]
  ↳ db/seeds.rb:19
  [1m[36mUser Create (0.3ms)[0m  [1m[32mINSERT INTO "users" ("id", "username", "password", "created_at", "updated_at") VALUES ($1, $2, $3, $4, $5) RETURNING "id"[0m  [["id", 90273], ["username", "gillian"], ["password", "ballberie"], ["created_at", "2021-06-10 18:16:49.847475"], ["updated_at", "2021-06-10 18:16:49.847475"]]
  ↳ db/seeds.rb:25
  [1m[36mVideo Create (0.6ms)[0m  [1m[32mINSERT INTO "videos" ("id", "title", "description", "uploader_id", "created_at", "updated_at") VALUES ($1, $2, $3, $4, $5, $6) RETURNING "id"[0m  [["id", 22495], ["title", "The Less I Know the Better"], ["description", "Music by Australian band Tame Impala"], ["uploader_id", 91336], ["created_at", "2021-06-10 18:16:49.856682"], ["updated_at", "2021-06-10 18:16:49.856682"]]
  ↳ db/seeds.rb:31
  [1m[36mVideo Create (0.2ms)[0m  [1m[32mINSERT INTO "videos" ("id", "title", "description", "uploader_id", "created_at", "updated_at") VALUES ($1, $2, $3, $4, $5, $6) RETURNING "id"[0m  [["id", 59832], ["title", "Ball of Pizza"], ["description", "Eric brings pizza to the dojo"], ["uploader_id", 90273], ["created_at", "2021-06-10 18:16:49.858157"], ["updated_at", "2021-06-10 18:16:49.858157"]]
  ↳ db/seeds.rb:38
  [1m[36mComment Create (0.5ms)[0m  [1m[32mINSERT INTO "comments" ("id", "body", "video_id", "created_at", "updated_at", "commenter_id") VALUES ($1, $2, $3, $4, $5, $6) RETURNING "id"[0m  [["id", 3735], ["body", "first"], ["video_id", 22495], ["created_at", "2021-06-10 18:16:49.867015"], ["updated_at", "2021-06-10 18:16:49.867015"], ["commenter_id", 90273]]
  ↳ db/seeds.rb:45
  [1m[36mComment Create (0.2ms)[0m  [1m[32mINSERT INTO "comments" ("id", "body", "video_id", "parent_comment_id", "created_at", "updated_at", "commenter_id") VALUES ($1, $2, $3, $4, $5, $6, $7) RETURNING "id"[0m  [["id", 57134], ["body", "second"], ["video_id", 22495], ["parent_comment_id", 3735], ["created_at", "2021-06-10 18:16:49.868316"], ["updated_at", "2021-06-10 18:16:49.868316"], ["commenter_id", 91336]]
  ↳ db/seeds.rb:52
  [1m[36mLike Create (0.5ms)[0m  [1m[32mINSERT INTO "likes" ("id", "liker_id", "video_id", "created_at", "updated_at") VALUES ($1, $2, $3, $4, $5) RETURNING "id"[0m  [["id", 86741], ["liker_id", 90273], ["video_id", 22495], ["created_at", "2021-06-10 18:16:49.875719"], ["updated_at", "2021-06-10 18:16:49.875719"]]
  ↳ db/seeds.rb:60
  [1m[36mLike Create (0.2ms)[0m  [1m[32mINSERT INTO "likes" ("id", "liker_id", "video_id", "created_at", "updated_at") VALUES ($1, $2, $3, $4, $5) RETURNING "id"[0m  [["id", 32301], ["liker_id", 91336], ["video_id", 59832], ["created_at", "2021-06-10 18:16:49.876913"], ["updated_at", "2021-06-10 18:16:49.876913"]]
  ↳ db/seeds.rb:61
  [1m[35m (5.9ms)[0m  [1m[35mCOMMIT[0m
  ↳ db/seeds.rb:13
